build/outputs/apk/manifest-merger-debug-report.txt
-- Merging decision tree log ---
manifest
ADDED from AndroidManifest.xml:2:1
	xmlns:android
		ADDED from AndroidManifest.xml:2:11
	package
		ADDED from AndroidManifest.xml:3:5
	android:versionName
		ADDED from AndroidManifest.xml:5:5
	android:versionCode
		ADDED from AndroidManifest.xml:4:5
		INJECTED from AndroidManifest.xml:0:0
		INJECTED from AndroidManifest.xml:0:0
uses-sdk
ADDED from AndroidManifest.xml:7:4
	android:targetSdkVersion
		ADDED from AndroidManifest.xml:9:9
	android:minSdkVersion
		ADDED from AndroidManifest.xml:8:9
uses-permission#android.permission.INTERNET
ADDED from AndroidManifest.xml:11:5
	android:name
		ADDED from AndroidManifest.xml:11:22
uses-permission#android.permission.WRITE_EXTERNAL_STORAGE
ADDED from AndroidManifest.xml:12:5
	android:name
		ADDED from AndroidManifest.xml:12:22
uses-permission#android.permission.ACCESS_COARSE_LOCATION
ADDED from AndroidManifest.xml:13:5
	android:name
		ADDED from AndroidManifest.xml:13:22
uses-permission#android.permission.ACCESS_NETWORK_STATE
ADDED from AndroidManifest.xml:14:5
	android:name
		ADDED from AndroidManifest.xml:14:22
uses-permission#android.permission.ACCESS_FINE_LOCATION
ADDED from AndroidManifest.xml:15:5
	android:name
		ADDED from AndroidManifest.xml:15:22
uses-permission#android.permission.READ_PHONE_STATE
ADDED from AndroidManifest.xml:16:5
	android:name
		ADDED from AndroidManifest.xml:16:22
uses-permission#android.permission.CHANGE_WIFI_STATE
ADDED from AndroidManifest.xml:17:5
	android:name
		ADDED from AndroidManifest.xml:17:22
uses-permission#android.permission.ACCESS_WIFI_STATE
ADDED from AndroidManifest.xml:18:5
	android:name
		ADDED from AndroidManifest.xml:18:22
uses-permission#android.permission.CHANGE_CONFIGURATION
ADDED from AndroidManifest.xml:19:5
	android:name
		ADDED from AndroidManifest.xml:19:22
uses-permission#android.permission.WAKE_LOCK
ADDED from AndroidManifest.xml:20:5
	android:name
		ADDED from AndroidManifest.xml:20:22
uses-permission#android.permission.WRITE_SETTINGS
ADDED from AndroidManifest.xml:22:5
	android:name
		ADDED from AndroidManifest.xml:22:22
application
ADDED from AndroidManifest.xml:24:5
	android:label
		ADDED from AndroidManifest.xml:26:9
	android:icon
		ADDED from AndroidManifest.xml:25:9
meta-data#com.amap.api.v2.apikey
ADDED from AndroidManifest.xml:27:9
	android:name
		ADDED from AndroidManifest.xml:28:13
	android:value
		ADDED from AndroidManifest.xml:29:13
activity#com.amap.map3d.demo.MainActivity
ADDED from AndroidManifest.xml:41:9
	android:name
		ADDED from AndroidManifest.xml:41:19
intent-filter#android.intent.action.MAIN+android.intent.category.LAUNCHER
ADDED from AndroidManifest.xml:42:13
action#android.intent.action.MAIN
ADDED from AndroidManifest.xml:43:17
	android:name
		ADDED from AndroidManifest.xml:43:25
category#android.intent.category.LAUNCHER
ADDED from AndroidManifest.xml:45:17
	android:name
		ADDED from AndroidManifest.xml:45:27
activity#com.amap.map3d.demo.basic.BasicMapActivity
ADDED from AndroidManifest.xml:48:9
	android:screenOrientation
		ADDED from AndroidManifest.xml:51:13
	android:label
		ADDED from AndroidManifest.xml:50:13
	android:name
		ADDED from AndroidManifest.xml:49:14
activity#com.amap.map3d.demo.basic.BaseMapFragmentActivity
ADDED from AndroidManifest.xml:52:9
	android:screenOrientation
		ADDED from AndroidManifest.xml:55:13
	android:label
		ADDED from AndroidManifest.xml:54:13
	android:name
		ADDED from AndroidManifest.xml:53:13
activity#com.amap.map3d.demo.basic.CameraActivity
ADDED from AndroidManifest.xml:56:9
	android:screenOrientation
		ADDED from AndroidManifest.xml:59:13
	android:label
		ADDED from AndroidManifest.xml:58:13
	android:name
		ADDED from AndroidManifest.xml:57:13
activity#com.amap.map3d.demo.basic.HeatMapActivity
ADDED from AndroidManifest.xml:60:10
	android:screenOrientation
		ADDED from AndroidManifest.xml:63:13
	android:label
		ADDED from AndroidManifest.xml:62:13
	android:name
		ADDED from AndroidManifest.xml:61:13
activity#com.amap.map3d.demo.basic.EventsActivity
ADDED from AndroidManifest.xml:64:9
	android:screenOrientation
		ADDED from AndroidManifest.xml:67:13
	android:label
		ADDED from AndroidManifest.xml:66:13
	android:name
		ADDED from AndroidManifest.xml:65:13
activity#com.amap.map3d.demo.basic.LayersActivity
ADDED from AndroidManifest.xml:68:9
	android:screenOrientation
		ADDED from AndroidManifest.xml:71:13
	android:label
		ADDED from AndroidManifest.xml:70:13
	android:name
		ADDED from AndroidManifest.xml:69:13
activity#com.amap.map3d.demo.basic.PoiClickActivity
ADDED from AndroidManifest.xml:72:10
	android:screenOrientation
		ADDED from AndroidManifest.xml:75:13
	android:label
		ADDED from AndroidManifest.xml:74:13
	android:name
		ADDED from AndroidManifest.xml:73:13
activity#com.amap.map3d.demo.basic.MapOptionActivity
ADDED from AndroidManifest.xml:76:9
	android:screenOrientation
		ADDED from AndroidManifest.xml:79:13
	android:label
		ADDED from AndroidManifest.xml:78:13
	android:name
		ADDED from AndroidManifest.xml:77:13
activity#com.amap.map3d.demo.basic.ScreenShotActivity
ADDED from AndroidManifest.xml:80:9
	android:screenOrientation
		ADDED from AndroidManifest.xml:83:13
	android:label
		ADDED from AndroidManifest.xml:82:13
	android:name
		ADDED from AndroidManifest.xml:81:13
activity#com.amap.map3d.demo.basic.OpenglActivity
ADDED from AndroidManifest.xml:84:9
	android:screenOrientation
		ADDED from AndroidManifest.xml:87:13
	android:label
		ADDED from AndroidManifest.xml:86:13
	android:name
		ADDED from AndroidManifest.xml:85:13
activity#com.amap.map3d.demo.basic.UiSettingsActivity
ADDED from AndroidManifest.xml:88:9
	android:screenOrientation
		ADDED from AndroidManifest.xml:91:13
	android:label
		ADDED from AndroidManifest.xml:90:13
	android:name
		ADDED from AndroidManifest.xml:89:13
activity#com.amap.map3d.demo.overlay.MarkerActivity
ADDED from AndroidManifest.xml:92:9
	android:screenOrientation
		ADDED from AndroidManifest.xml:95:13
	android:label
		ADDED from AndroidManifest.xml:94:13
	android:name
		ADDED from AndroidManifest.xml:93:13
activity#com.amap.map3d.demo.overlay.PolylineActivity
ADDED from AndroidManifest.xml:96:9
	android:screenOrientation
		ADDED from AndroidManifest.xml:99:13
	android:label
		ADDED from AndroidManifest.xml:98:13
	android:name
		ADDED from AndroidManifest.xml:97:13
activity#com.amap.map3d.demo.overlay.ArcActivity
ADDED from AndroidManifest.xml:100:9
	android:screenOrientation
		ADDED from AndroidManifest.xml:103:13
	android:label
		ADDED from AndroidManifest.xml:102:13
	android:name
		ADDED from AndroidManifest.xml:101:13
activity#com.amap.map3d.demo.overlay.GroundOverlayActivity
ADDED from AndroidManifest.xml:104:9
	android:screenOrientation
		ADDED from AndroidManifest.xml:107:13
	android:label
		ADDED from AndroidManifest.xml:106:13
	android:name
		ADDED from AndroidManifest.xml:105:13
activity#com.amap.map3d.demo.overlay.PolygonActivity
ADDED from AndroidManifest.xml:108:9
	android:screenOrientation
		ADDED from AndroidManifest.xml:111:13
	android:label
		ADDED from AndroidManifest.xml:110:13
	android:name
		ADDED from AndroidManifest.xml:109:13
activity#com.amap.map3d.demo.overlay.CircleActivity
ADDED from AndroidManifest.xml:112:9
	android:screenOrientation
		ADDED from AndroidManifest.xml:115:13
	android:label
		ADDED from AndroidManifest.xml:114:13
	android:name
		ADDED from AndroidManifest.xml:113:13
activity#com.amap.map3d.demo.overlay.NavigateArrowOverlayActivity
ADDED from AndroidManifest.xml:116:9
	android:screenOrientation
		ADDED from AndroidManifest.xml:119:13
	android:label
		ADDED from AndroidManifest.xml:118:13
	android:name
		ADDED from AndroidManifest.xml:117:13
activity#com.amap.map3d.demo.location.LocationSourceActivity
ADDED from AndroidManifest.xml:120:9
	android:screenOrientation
		ADDED from AndroidManifest.xml:123:13
	android:label
		ADDED from AndroidManifest.xml:122:13
	android:name
		ADDED from AndroidManifest.xml:121:13
activity#com.amap.map3d.demo.location.LocationSensorSourceActivity
ADDED from AndroidManifest.xml:124:10
	android:screenOrientation
		ADDED from AndroidManifest.xml:127:13
	android:label
		ADDED from AndroidManifest.xml:126:13
	android:name
		ADDED from AndroidManifest.xml:125:13
activity#com.amap.map3d.demo.location.LocationModeSourceActivity
ADDED from AndroidManifest.xml:128:9
	android:screenOrientation
		ADDED from AndroidManifest.xml:131:13
	android:label
		ADDED from AndroidManifest.xml:130:13
	android:name
		ADDED from AndroidManifest.xml:129:13
activity#com.amap.map3d.demo.location.LocationGPSActivity
ADDED from AndroidManifest.xml:132:9
	android:screenOrientation
		ADDED from AndroidManifest.xml:135:13
	android:label
		ADDED from AndroidManifest.xml:134:13
	android:name
		ADDED from AndroidManifest.xml:133:13
activity#com.amap.map3d.demo.location.LocationNetworkActivity
ADDED from AndroidManifest.xml:136:9
	android:screenOrientation
		ADDED from AndroidManifest.xml:139:13
	android:label
		ADDED from AndroidManifest.xml:138:13
	android:name
		ADDED from AndroidManifest.xml:137:13
activity#com.amap.map3d.demo.geocoder.GeocoderActivity
ADDED from AndroidManifest.xml:140:9
	android:screenOrientation
		ADDED from AndroidManifest.xml:143:13
	android:label
		ADDED from AndroidManifest.xml:142:13
	android:name
		ADDED from AndroidManifest.xml:141:13
activity#com.amap.map3d.demo.route.RouteActivity
ADDED from AndroidManifest.xml:144:9
	android:screenOrientation
		ADDED from AndroidManifest.xml:147:13
	android:label
		ADDED from AndroidManifest.xml:146:13
	android:name
		ADDED from AndroidManifest.xml:145:13
activity#com.amap.map3d.demo.busline.BuslineActivity
ADDED from AndroidManifest.xml:148:9
	android:screenOrientation
		ADDED from AndroidManifest.xml:151:13
	android:label
		ADDED from AndroidManifest.xml:150:13
	android:name
		ADDED from AndroidManifest.xml:149:13
activity#com.amap.map3d.demo.poisearch.PoiKeywordSearchActivity
ADDED from AndroidManifest.xml:152:9
	android:screenOrientation
		ADDED from AndroidManifest.xml:155:13
	android:label
		ADDED from AndroidManifest.xml:154:13
	android:name
		ADDED from AndroidManifest.xml:153:13
activity#com.amap.map3d.demo.poisearch.PoiAroundSearchActivity
ADDED from AndroidManifest.xml:156:9
	android:screenOrientation
		ADDED from AndroidManifest.xml:159:13
	android:label
		ADDED from AndroidManifest.xml:158:13
	android:name
		ADDED from AndroidManifest.xml:157:13
activity#com.amap.map3d.demo.district.DistrictActivity
ADDED from AndroidManifest.xml:161:9
	android:screenOrientation
		ADDED from AndroidManifest.xml:164:13
	android:label
		ADDED from AndroidManifest.xml:163:13
	android:name
		ADDED from AndroidManifest.xml:162:13
activity#com.amap.map3d.demo.district.DistrictWithBoundaryActivity
ADDED from AndroidManifest.xml:165:10
	android:screenOrientation
		ADDED from AndroidManifest.xml:168:13
	android:label
		ADDED from AndroidManifest.xml:167:13
	android:name
		ADDED from AndroidManifest.xml:166:13